Using pre-set license
Built from '2020.2/staging' branch; Version is '2020.2.6f1 (8a2143876886) revision 9052483'; Using compiler version '192528614'; Build Type 'Release'
OS: 'Windows 10 Home; OS build 19042.1348; Version 2009; 64bit' Language: 'ja' Physical Memory: 7959 MB
BatchMode: 1, IsHumanControllingUs: 0, StartBugReporterOnCrash: 0, Is64bit: 1, IsPro: 0

 COMMAND LINE ARGUMENTS:
C:\Program Files\Unity\Hub\Editor\2020.3.14f1\Editor\Unity.exe
-adb2
-batchMode
-noUpm
-name
AssetImportWorker0
-projectPath
C:/Users/norok/OneDrive/デスクトップ/miniGame
-logFile
Logs/AssetImportWorker0.log
-srvPort
51376
Successfully changed project path to: C:/Users/norok/OneDrive/デスクトップ/miniGame
C:/Users/norok/OneDrive/デスクトップ/miniGame
Using Asset Import Pipeline V2.
Refreshing native plugins compatible for Editor in 36.68 ms, found 0 plugins.
Preloading 0 native plugins for Editor in 0.00 ms.
Initialize engine version: 2020.2.6f1 (8a2143876886)
[Subsystems] Discovering subsystems at path C:/Program Files/Unity/Hub/Editor/2020.3.14f1/Editor/Data/Resources/UnitySubsystems
[Subsystems] Discovering subsystems at path C:/Users/norok/OneDrive/デスクトップ/miniGame/Assets
GfxDevice: creating device client; threaded=0
Direct3D:
    Version:  Direct3D 11.0 [level 11.1]
    Renderer: NVIDIA GeForce MX230 (ID=0x1d11)
    Vendor:   
    VRAM:     1984 MB
    Driver:   27.21.14.6231
Initialize mono
Mono path[0] = 'C:/Program Files/Unity/Hub/Editor/2020.3.14f1/Editor/Data/Managed'
Mono path[1] = 'C:/Program Files/Unity/Hub/Editor/2020.3.14f1/Editor/Data/MonoBleedingEdge/lib/mono/unityjit'
Mono config path = 'C:/Program Files/Unity/Hub/Editor/2020.3.14f1/Editor/Data/MonoBleedingEdge/etc'
Using monoOptions --debugger-agent=transport=dt_socket,embedding=1,server=y,suspend=n,address=127.0.0.1:56200
Begin MonoManager ReloadAssembly
Registering precompiled unity dll's ...
Register platform support module: C:/Program Files/Unity/Hub/Editor/2020.3.14f1/Editor/Data/PlaybackEngines/WindowsStandaloneSupport/UnityEditor.WindowsStandalone.Extensions.dll
Registered in 0.001582 seconds.
Native extension for WindowsStandalone target not found
Refreshing native plugins compatible for Editor in 37.96 ms, found 0 plugins.
Preloading 0 native plugins for Editor in 0.00 ms.
Invoked RoslynAnalysisRunner static constructor.
RoslynAnalysisRunner will not be running.
RoslynAnalysisRunner has terminated.
Mono: successfully reloaded assembly
- Completed reload, in  1.261 seconds
Platform modules already initialized, skipping
Registering precompiled user dll's ...
Registered in 0.000675 seconds.
Begin MonoManager ReloadAssembly
Native extension for WindowsStandalone target not found
Refreshing native plugins compatible for Editor in 0.31 ms, found 0 plugins.
Preloading 0 native plugins for Editor in 0.00 ms.
Invoked RoslynAnalysisRunner static constructor.
RoslynAnalysisRunner will not be running.
RoslynAnalysisRunner has terminated.
Mono: successfully reloaded assembly
- Completed reload, in  1.023 seconds
Platform modules already initialized, skipping
========================================================================
Worker process is ready to serve import requests
Launched and connected shader compiler UnityShaderCompiler.exe after 0.06 seconds
Refreshing native plugins compatible for Editor in 0.25 ms, found 0 plugins.
Preloading 0 native plugins for Editor in 0.00 ms.
Unloading 1463 Unused Serialized files (Serialized files now loaded: 0)
System memory in use before: 71.1 MB.
System memory in use after: 71.1 MB.

Unloading 11 unused Assets to reduce memory usage. Loaded Objects now: 1905.
Total: 1.736900 ms (FindLiveObjects: 0.199300 ms CreateObjectMapping: 0.067400 ms MarkObjects: 1.352700 ms  DeleteObjects: 0.116300 ms)

========================================================================
Received Import Request.
  path: Assets/player.prefab
  artifactKey: Guid(44a5f4ea845daac4894e64655d864f66) Importer(815301076,1909f56bfc062723c751e8b465ee728b)
Start importing Assets/player.prefab using Guid(44a5f4ea845daac4894e64655d864f66) Importer(815301076,1909f56bfc062723c751e8b465ee728b)  -> (artifact id: '208a259e8558be971bddd866eef369b3') in 0.065860 seconds
  Import took 0.068741 seconds .

========================================================================
Received Import Request.
  Time since last request: 926.253352 seconds.
  path: Assets
  artifactKey: Guid(00000000000000001000000000000000) Importer(815301076,1909f56bfc062723c751e8b465ee728b)
Start importing Assets using Guid(00000000000000001000000000000000) Importer(815301076,1909f56bfc062723c751e8b465ee728b)  -> (artifact id: 'f47cf443bddc682ac2de11ea429897ce') in 0.021582 seconds
  Import took 0.025215 seconds .

========================================================================
Received Import Request.
  Time since last request: 7.914248 seconds.
  path: Assets/Resources
  artifactKey: Guid(6bcdd2d62aeb3a64cb616c639f559914) Importer(815301076,1909f56bfc062723c751e8b465ee728b)
Start importing Assets/Resources using Guid(6bcdd2d62aeb3a64cb616c639f559914) Importer(815301076,1909f56bfc062723c751e8b465ee728b)  -> (artifact id: '1250e884b4f36b544c08c7caeda87705') in 0.017244 seconds
  Import took 0.021415 seconds .

========================================================================
Received Import Request.
  Time since last request: 10.252599 seconds.
  path: Assets/Resources/Player
  artifactKey: Guid(cde1f48ce6008af4897611dec1e46f3e) Importer(815301076,1909f56bfc062723c751e8b465ee728b)
Start importing Assets/Resources/Player using Guid(cde1f48ce6008af4897611dec1e46f3e) Importer(815301076,1909f56bfc062723c751e8b465ee728b)  -> (artifact id: '188e94ed5aac87938de9ee0c54010c44') in 0.018544 seconds
  Import took 0.022420 seconds .

========================================================================
Received Import Request.
  Time since last request: 0.000563 seconds.
  path: Assets/Resources/Player
  artifactKey: Guid(cde1f48ce6008af4897611dec1e46f3e) Importer(815301076,1909f56bfc062723c751e8b465ee728b)
Start importing Assets/Resources/Player using Guid(cde1f48ce6008af4897611dec1e46f3e) Importer(815301076,1909f56bfc062723c751e8b465ee728b)  -> (artifact id: '188e94ed5aac87938de9ee0c54010c44') in 0.007399 seconds
  Import took 0.012689 seconds .

========================================================================
Received Import Request.
  Time since last request: 54.520397 seconds.
  path: Assets/Resources/Player/NewBehaviourScript.cs
  artifactKey: Guid(de44700b4d8c42d4394b71b2babb6423) Importer(815301076,1909f56bfc062723c751e8b465ee728b)
Start importing Assets/Resources/Player/NewBehaviourScript.cs using Guid(de44700b4d8c42d4394b71b2babb6423) Importer(815301076,1909f56bfc062723c751e8b465ee728b)  -> (artifact id: '836cf67873bf27959baea580d5577941') in 0.021502 seconds
  Import took 0.026056 seconds .

========================================================================
Received Prepare
Registering precompiled user dll's ...
Registered in 0.000611 seconds.
Begin MonoManager ReloadAssembly
Native extension for WindowsStandalone target not found
Refreshing native plugins compatible for Editor in 0.22 ms, found 0 plugins.
Preloading 0 native plugins for Editor in 0.00 ms.
Invoked RoslynAnalysisRunner static constructor.
RoslynAnalysisRunner will not be running.
RoslynAnalysisRunner has terminated.
Mono: successfully reloaded assembly
- Completed reload, in  0.872 seconds
Platform modules already initialized, skipping
Refreshing native plugins compatible for Editor in 0.25 ms, found 0 plugins.
Preloading 0 native plugins for Editor in 0.00 ms.
Unloading 1437 Unused Serialized files (Serialized files now loaded: 0)
System memory in use before: 69.4 MB.
System memory in use after: 69.4 MB.

Unloading 6 unused Assets to reduce memory usage. Loaded Objects now: 1908.
Total: 1.504400 ms (FindLiveObjects: 0.113200 ms CreateObjectMapping: 0.035900 ms MarkObjects: 1.272900 ms  DeleteObjects: 0.081700 ms)

========================================================================
Received Import Request.
  Time since last request: 20.415777 seconds.
  path: Assets/Resources/Player/circle.prefab
  artifactKey: Guid(44a5f4ea845daac4894e64655d864f66) Importer(815301076,1909f56bfc062723c751e8b465ee728b)
Start importing Assets/Resources/Player/circle.prefab using Guid(44a5f4ea845daac4894e64655d864f66) Importer(815301076,1909f56bfc062723c751e8b465ee728b)  -> (artifact id: '93d6179226f8d149399457e9831707aa') in 0.053153 seconds
  Import took 0.058927 seconds .

========================================================================
Received Import Request.
  Time since last request: 15.108483 seconds.
  path: Assets/Resources/Player/player.cs
  artifactKey: Guid(de44700b4d8c42d4394b71b2babb6423) Importer(815301076,1909f56bfc062723c751e8b465ee728b)
Start importing Assets/Resources/Player/player.cs using Guid(de44700b4d8c42d4394b71b2babb6423) Importer(815301076,1909f56bfc062723c751e8b465ee728b)  -> (artifact id: '88e54f58c56cc2511e9ffbc9c776ccc5') in 0.013483 seconds
  Import took 0.016583 seconds .

========================================================================
Received Prepare
Registering precompiled user dll's ...
Registered in 0.000699 seconds.
Begin MonoManager ReloadAssembly
Native extension for WindowsStandalone target not found
Refreshing native plugins compatible for Editor in 0.23 ms, found 0 plugins.
Preloading 0 native plugins for Editor in 0.00 ms.
Invoked RoslynAnalysisRunner static constructor.
RoslynAnalysisRunner will not be running.
RoslynAnalysisRunner has terminated.
Mono: successfully reloaded assembly
- Completed reload, in  0.868 seconds
Platform modules already initialized, skipping
Refreshing native plugins compatible for Editor in 0.25 ms, found 0 plugins.
Preloading 0 native plugins for Editor in 0.00 ms.
Unloading 1437 Unused Serialized files (Serialized files now loaded: 0)
System memory in use before: 69.4 MB.
System memory in use after: 69.4 MB.

Unloading 6 unused Assets to reduce memory usage. Loaded Objects now: 1910.
Total: 2.523900 ms (FindLiveObjects: 0.268400 ms CreateObjectMapping: 0.047000 ms MarkObjects: 1.985200 ms  DeleteObjects: 0.221900 ms)

========================================================================
Received Import Request.
  Time since last request: 8.593018 seconds.
  path: Assets/Resources/Player/drawPlayer.cs
  artifactKey: Guid(de44700b4d8c42d4394b71b2babb6423) Importer(815301076,1909f56bfc062723c751e8b465ee728b)
Start importing Assets/Resources/Player/drawPlayer.cs using Guid(de44700b4d8c42d4394b71b2babb6423) Importer(815301076,1909f56bfc062723c751e8b465ee728b)  -> (artifact id: '6a3795de52dfb260d25e34df3e98b305') in 0.019587 seconds
  Import took 0.023398 seconds .

========================================================================
Received Prepare
Registering precompiled user dll's ...
Registered in 0.000887 seconds.
Begin MonoManager ReloadAssembly
Native extension for WindowsStandalone target not found
Refreshing native plugins compatible for Editor in 0.29 ms, found 0 plugins.
Preloading 0 native plugins for Editor in 0.00 ms.
Invoked RoslynAnalysisRunner static constructor.
RoslynAnalysisRunner will not be running.
RoslynAnalysisRunner has terminated.
Mono: successfully reloaded assembly
- Completed reload, in  0.828 seconds
Platform modules already initialized, skipping
Refreshing native plugins compatible for Editor in 0.26 ms, found 0 plugins.
Preloading 0 native plugins for Editor in 0.00 ms.
Unloading 1437 Unused Serialized files (Serialized files now loaded: 0)
System memory in use before: 69.4 MB.
System memory in use after: 69.4 MB.

Unloading 6 unused Assets to reduce memory usage. Loaded Objects now: 1912.
Total: 3.052300 ms (FindLiveObjects: 0.172500 ms CreateObjectMapping: 0.045900 ms MarkObjects: 2.643500 ms  DeleteObjects: 0.188800 ms)

========================================================================
Received Prepare
Registering precompiled user dll's ...
Registered in 0.001164 seconds.
Begin MonoManager ReloadAssembly
Native extension for WindowsStandalone target not found
Refreshing native plugins compatible for Editor in 0.40 ms, found 0 plugins.
Preloading 0 native plugins for Editor in 0.00 ms.
Invoked RoslynAnalysisRunner static constructor.
RoslynAnalysisRunner will not be running.
RoslynAnalysisRunner has terminated.
Mono: successfully reloaded assembly
- Completed reload, in  0.897 seconds
Platform modules already initialized, skipping
Refreshing native plugins compatible for Editor in 0.22 ms, found 0 plugins.
Preloading 0 native plugins for Editor in 0.00 ms.
Unloading 1437 Unused Serialized files (Serialized files now loaded: 0)
System memory in use before: 69.4 MB.
System memory in use after: 69.5 MB.

Unloading 6 unused Assets to reduce memory usage. Loaded Objects now: 1914.
Total: 3.485200 ms (FindLiveObjects: 0.270700 ms CreateObjectMapping: 0.084300 ms MarkObjects: 2.967300 ms  DeleteObjects: 0.159400 ms)

========================================================================
Received Import Request.
  Time since last request: 80.214666 seconds.
  path: Assets/Resources/Player/drawPlayer.cs
  artifactKey: Guid(de44700b4d8c42d4394b71b2babb6423) Importer(815301076,1909f56bfc062723c751e8b465ee728b)
Start importing Assets/Resources/Player/drawPlayer.cs using Guid(de44700b4d8c42d4394b71b2babb6423) Importer(815301076,1909f56bfc062723c751e8b465ee728b)  -> (artifact id: '1fb417abc64288733b389fc89c0db3eb') in 0.007869 seconds
  Import took 0.010170 seconds .

AssetImportWorkerClient::OnTransportError - code=2 error=End of file
