Using pre-set license
Built from '2020.2/staging' branch; Version is '2020.2.6f1 (8a2143876886) revision 9052483'; Using compiler version '192528614'; Build Type 'Release'
OS: 'Windows 10 Home; OS build 19044.1415; Version 2009; 64bit' Language: 'ja' Physical Memory: 7959 MB
BatchMode: 1, IsHumanControllingUs: 0, StartBugReporterOnCrash: 0, Is64bit: 1, IsPro: 0

 COMMAND LINE ARGUMENTS:
C:\Program Files\Unity\Hub\Editor\2020.2.6f1\Editor\Unity.exe
-adb2
-batchMode
-noUpm
-name
AssetImportWorker0
-projectPath
C:/Users/uesr/Documents/GitHub/UnitySUP/MiniGame
-logFile
Logs/AssetImportWorker0.log
-srvPort
49803
Successfully changed project path to: C:/Users/uesr/Documents/GitHub/UnitySUP/MiniGame
C:/Users/uesr/Documents/GitHub/UnitySUP/MiniGame
Using Asset Import Pipeline V2.
Refreshing native plugins compatible for Editor in 37.48 ms, found 0 plugins.
Preloading 0 native plugins for Editor in 0.00 ms.
Initialize engine version: 2020.2.6f1 (8a2143876886)
[Subsystems] Discovering subsystems at path C:/Program Files/Unity/Hub/Editor/2020.2.6f1/Editor/Data/Resources/UnitySubsystems
[Subsystems] Discovering subsystems at path C:/Users/uesr/Documents/GitHub/UnitySUP/MiniGame/Assets
GfxDevice: creating device client; threaded=0
Direct3D:
    Version:  Direct3D 11.0 [level 11.1]
    Renderer: NVIDIA GeForce MX230 (ID=0x1d11)
    Vendor:   
    VRAM:     1984 MB
    Driver:   27.21.14.6231
Initialize mono
Mono path[0] = 'C:/Program Files/Unity/Hub/Editor/2020.2.6f1/Editor/Data/Managed'
Mono path[1] = 'C:/Program Files/Unity/Hub/Editor/2020.2.6f1/Editor/Data/MonoBleedingEdge/lib/mono/unityjit'
Mono config path = 'C:/Program Files/Unity/Hub/Editor/2020.2.6f1/Editor/Data/MonoBleedingEdge/etc'
Using monoOptions --debugger-agent=transport=dt_socket,embedding=1,server=y,suspend=n,address=127.0.0.1:56732
Begin MonoManager ReloadAssembly
Registering precompiled unity dll's ...
Register platform support module: C:/Program Files/Unity/Hub/Editor/2020.2.6f1/Editor/Data/PlaybackEngines/WindowsStandaloneSupport/UnityEditor.WindowsStandalone.Extensions.dll
Registered in 0.001831 seconds.
Native extension for WindowsStandalone target not found
Refreshing native plugins compatible for Editor in 66.54 ms, found 0 plugins.
Preloading 0 native plugins for Editor in 0.00 ms.
Invoked RoslynAnalysisRunner static constructor.
RoslynAnalysisRunner will not be running.
RoslynAnalysisRunner has terminated.
Mono: successfully reloaded assembly
- Completed reload, in  1.466 seconds
Platform modules already initialized, skipping
Registering precompiled user dll's ...
Registered in 0.001262 seconds.
Begin MonoManager ReloadAssembly
Native extension for WindowsStandalone target not found
Refreshing native plugins compatible for Editor in 0.56 ms, found 0 plugins.
Preloading 0 native plugins for Editor in 0.00 ms.
Invoked RoslynAnalysisRunner static constructor.
RoslynAnalysisRunner will not be running.
RoslynAnalysisRunner has terminated.
Mono: successfully reloaded assembly
- Completed reload, in  1.351 seconds
Platform modules already initialized, skipping
========================================================================
Worker process is ready to serve import requests
Launched and connected shader compiler UnityShaderCompiler.exe after 0.04 seconds
Refreshing native plugins compatible for Editor in 0.33 ms, found 0 plugins.
Preloading 0 native plugins for Editor in 0.00 ms.
Unloading 1867 Unused Serialized files (Serialized files now loaded: 0)
System memory in use before: 86.8 MB.
System memory in use after: 86.8 MB.

Unloading 11 unused Assets to reduce memory usage. Loaded Objects now: 2309.
Total: 2.381800 ms (FindLiveObjects: 0.248700 ms CreateObjectMapping: 0.091700 ms MarkObjects: 1.889400 ms  DeleteObjects: 0.150100 ms)

========================================================================
Received Import Request.
  path: Assets/script_Player.cs
  artifactKey: Guid(5d58068d2c8a76c4ca07409a11805ffb) Importer(815301076,1909f56bfc062723c751e8b465ee728b)
Start importing Assets/script_Player.cs using Guid(5d58068d2c8a76c4ca07409a11805ffb) Importer(815301076,1909f56bfc062723c751e8b465ee728b)  -> (artifact id: 'a64153948c8a14397cc8697e13289d7f') in 0.033215 seconds
  Import took 0.038117 seconds .

========================================================================
Received Prepare
Refreshing native plugins compatible for Editor in 2.20 ms, found 0 plugins.
Preloading 0 native plugins for Editor in 0.00 ms.
Unloading 4 Unused Serialized files (Serialized files now loaded: 0)
System memory in use before: 48.6 MB.
System memory in use after: 48.7 MB.

Unloading 4 unused Assets to reduce memory usage. Loaded Objects now: 2309.
Total: 4.749900 ms (FindLiveObjects: 0.310800 ms CreateObjectMapping: 0.123300 ms MarkObjects: 4.185400 ms  DeleteObjects: 0.127500 ms)

========================================================================
Received Import Request.
  Time since last request: 20.090561 seconds.
  path: Assets/script_Player.cs
  artifactKey: Guid(5d58068d2c8a76c4ca07409a11805ffb) Importer(815301076,1909f56bfc062723c751e8b465ee728b)
Start importing Assets/script_Player.cs using Guid(5d58068d2c8a76c4ca07409a11805ffb) Importer(815301076,1909f56bfc062723c751e8b465ee728b)  -> (artifact id: '9c3a783d32c62a77b27b7ddf412f4b84') in 0.006987 seconds
  Import took 0.012482 seconds .

========================================================================
Received Import Request.
  Time since last request: 62.973010 seconds.
  path: Assets/script_Player.cs
  artifactKey: Guid(5d58068d2c8a76c4ca07409a11805ffb) Importer(815301076,1909f56bfc062723c751e8b465ee728b)
Start importing Assets/script_Player.cs using Guid(5d58068d2c8a76c4ca07409a11805ffb) Importer(815301076,1909f56bfc062723c751e8b465ee728b)  -> (artifact id: '89e296cb2e5086e0d173689bd8544ccd') in 0.005739 seconds
  Import took 0.012890 seconds .

========================================================================
Received Prepare
Registering precompiled user dll's ...
Registered in 0.000659 seconds.
Begin MonoManager ReloadAssembly
Native extension for WindowsStandalone target not found
Refreshing native plugins compatible for Editor in 0.35 ms, found 0 plugins.
Preloading 0 native plugins for Editor in 0.00 ms.
Invoked RoslynAnalysisRunner static constructor.
RoslynAnalysisRunner will not be running.
RoslynAnalysisRunner has terminated.
Mono: successfully reloaded assembly
- Completed reload, in  0.909 seconds
Platform modules already initialized, skipping
Refreshing native plugins compatible for Editor in 0.32 ms, found 0 plugins.
Preloading 0 native plugins for Editor in 0.00 ms.
Unloading 1840 Unused Serialized files (Serialized files now loaded: 0)
System memory in use before: 85.0 MB.
System memory in use after: 85.1 MB.

Unloading 6 unused Assets to reduce memory usage. Loaded Objects now: 2311.
Total: 2.319100 ms (FindLiveObjects: 0.229600 ms CreateObjectMapping: 0.067800 ms MarkObjects: 1.887100 ms  DeleteObjects: 0.133400 ms)

========================================================================
Received Prepare
Registering precompiled user dll's ...
Registered in 0.000838 seconds.
Begin MonoManager ReloadAssembly
Native extension for WindowsStandalone target not found
Refreshing native plugins compatible for Editor in 0.37 ms, found 0 plugins.
Preloading 0 native plugins for Editor in 0.00 ms.
Invoked RoslynAnalysisRunner static constructor.
RoslynAnalysisRunner will not be running.
RoslynAnalysisRunner has terminated.
Mono: successfully reloaded assembly
- Completed reload, in  1.094 seconds
Platform modules already initialized, skipping
Refreshing native plugins compatible for Editor in 0.35 ms, found 0 plugins.
Preloading 0 native plugins for Editor in 0.00 ms.
Unloading 1840 Unused Serialized files (Serialized files now loaded: 0)
System memory in use before: 85.1 MB.
System memory in use after: 85.1 MB.

Unloading 6 unused Assets to reduce memory usage. Loaded Objects now: 2313.
Total: 2.234200 ms (FindLiveObjects: 0.211500 ms CreateObjectMapping: 0.064200 ms MarkObjects: 1.859400 ms  DeleteObjects: 0.097300 ms)

AssetImportWorkerClient::OnTransportError - code=2 error=End of file
